{"C:\\Users\\I564011\\OneDrive - SAP SE\\Personal\\namaste-react-master\\namaste-react-master\\src\\components\\Body.js": {"path":"C:\\Users\\I564011\\OneDrive - SAP SE\\Personal\\namaste-react-master\\namaste-react-master\\src\\components\\Body.js","statementMap":{"0":{"start":{"line":7,"column":13},"end":{"line":79,"column":1}},"1":{"start":{"line":8,"column":38},"end":{"line":8,"column":50}},"2":{"start":{"line":10,"column":4},"end":{"line":10,"column":25}},"3":{"start":{"line":13,"column":28},"end":{"line":18,"column":3}},"4":{"start":{"line":14,"column":29},"end":{"line":16,"column":5}},"5":{"start":{"line":15,"column":6},"end":{"line":15,"column":68}},"6":{"start":{"line":17,"column":4},"end":{"line":17,"column":47}},"7":{"start":{"line":21,"column":28},"end":{"line":27,"column":3}},"8":{"start":{"line":22,"column":31},"end":{"line":24,"column":5}},"9":{"start":{"line":23,"column":15},"end":{"line":23,"column":37}},"10":{"start":{"line":26,"column":4},"end":{"line":26,"column":49}},"11":{"start":{"line":30,"column":2},"end":{"line":78,"column":4}},"12":{"start":{"line":41,"column":29},"end":{"line":41,"column":58}},"13":{"start":{"line":65,"column":12},"end":{"line":73,"column":14}}},"fnMap":{"0":{"name":"(anonymous_0)","decl":{"start":{"line":7,"column":13},"end":{"line":7,"column":14}},"loc":{"start":{"line":7,"column":19},"end":{"line":79,"column":1}},"line":7},"1":{"name":"(anonymous_1)","decl":{"start":{"line":13,"column":28},"end":{"line":13,"column":29}},"loc":{"start":{"line":13,"column":34},"end":{"line":18,"column":3}},"line":13},"2":{"name":"(anonymous_2)","decl":{"start":{"line":14,"column":54},"end":{"line":14,"column":55}},"loc":{"start":{"line":15,"column":6},"end":{"line":15,"column":68}},"line":15},"3":{"name":"(anonymous_3)","decl":{"start":{"line":21,"column":28},"end":{"line":21,"column":29}},"loc":{"start":{"line":21,"column":34},"end":{"line":27,"column":3}},"line":21},"4":{"name":"(anonymous_4)","decl":{"start":{"line":23,"column":6},"end":{"line":23,"column":7}},"loc":{"start":{"line":23,"column":15},"end":{"line":23,"column":37}},"line":23},"5":{"name":"(anonymous_5)","decl":{"start":{"line":41,"column":22},"end":{"line":41,"column":23}},"loc":{"start":{"line":41,"column":29},"end":{"line":41,"column":58}},"line":41},"6":{"name":"(anonymous_6)","decl":{"start":{"line":64,"column":35},"end":{"line":64,"column":36}},"loc":{"start":{"line":64,"column":48},"end":{"line":74,"column":11}},"line":64}},"branchMap":{"0":{"loc":{"start":{"line":30,"column":9},"end":{"line":78,"column":3}},"type":"cond-expr","locations":[{"start":{"line":31,"column":4},"end":{"line":31,"column":30}},{"start":{"line":33,"column":4},"end":{"line":77,"column":10}}],"line":30},"1":{"loc":{"start":{"line":57,"column":7},"end":{"line":76,"column":7}},"type":"cond-expr","locations":[{"start":{"line":58,"column":8},"end":{"line":58,"column":36}},{"start":{"line":60,"column":8},"end":{"line":75,"column":14}}],"line":57}},"s":{"0":1,"1":7,"2":6,"3":6,"4":0,"5":0,"6":0,"7":6,"8":0,"9":0,"10":0,"11":6,"12":0,"13":0},"f":{"0":7,"1":0,"2":0,"3":0,"4":0,"5":0,"6":0},"b":{"0":[2,0],"1":[0,0]},"_coverageSchema":"1a1c01bbd47fc00a2c39e90264f33305004495a9","hash":"bb58641e14fa0c286bb2995112abed271c48401a"}
,"C:\\Users\\I564011\\OneDrive - SAP SE\\Personal\\namaste-react-master\\namaste-react-master\\src\\components\\Header.js": {"path":"C:\\Users\\I564011\\OneDrive - SAP SE\\Personal\\namaste-react-master\\namaste-react-master\\src\\components\\Header.js","statementMap":{"0":{"start":{"line":9,"column":15},"end":{"line":58,"column":1}},"1":{"start":{"line":10,"column":34},"end":{"line":10,"column":51}},"2":{"start":{"line":11,"column":19},"end":{"line":11,"column":30}},"3":{"start":{"line":13,"column":23},"end":{"line":16,"column":3}},"4":{"start":{"line":14,"column":4},"end":{"line":15,"column":57}},"5":{"start":{"line":14,"column":30},"end":{"line":14,"column":52}},"6":{"start":{"line":15,"column":9},"end":{"line":15,"column":57}},"7":{"start":{"line":15,"column":36},"end":{"line":15,"column":57}},"8":{"start":{"line":18,"column":20},"end":{"line":18,"column":60}},"9":{"start":{"line":18,"column":43},"end":{"line":18,"column":59}},"10":{"start":{"line":20,"column":2},"end":{"line":57,"column":4}}},"fnMap":{"0":{"name":"(anonymous_0)","decl":{"start":{"line":9,"column":15},"end":{"line":9,"column":16}},"loc":{"start":{"line":9,"column":21},"end":{"line":58,"column":1}},"line":9},"1":{"name":"(anonymous_1)","decl":{"start":{"line":13,"column":23},"end":{"line":13,"column":24}},"loc":{"start":{"line":13,"column":29},"end":{"line":16,"column":3}},"line":13},"2":{"name":"(anonymous_2)","decl":{"start":{"line":18,"column":32},"end":{"line":18,"column":33}},"loc":{"start":{"line":18,"column":43},"end":{"line":18,"column":59}},"line":18}},"branchMap":{"0":{"loc":{"start":{"line":14,"column":4},"end":{"line":15,"column":57}},"type":"if","locations":[{"start":{"line":14,"column":4},"end":{"line":15,"column":57}},{"start":{"line":15,"column":9},"end":{"line":15,"column":57}}],"line":14},"1":{"loc":{"start":{"line":15,"column":9},"end":{"line":15,"column":57}},"type":"if","locations":[{"start":{"line":15,"column":9},"end":{"line":15,"column":57}},{"start":{},"end":{}}],"line":15},"2":{"loc":{"start":{"line":22,"column":7},"end":{"line":22,"column":38}},"type":"binary-expr","locations":[{"start":{"line":22,"column":7},"end":{"line":22,"column":16}},{"start":{"line":22,"column":20},"end":{"line":22,"column":38}}],"line":22},"3":{"loc":{"start":{"line":23,"column":7},"end":{"line":23,"column":36}},"type":"binary-expr","locations":[{"start":{"line":23,"column":7},"end":{"line":23,"column":15}},{"start":{"line":23,"column":19},"end":{"line":23,"column":36}}],"line":23}},"s":{"0":1,"1":2,"2":2,"3":2,"4":0,"5":0,"6":0,"7":0,"8":2,"9":4,"10":2},"f":{"0":2,"1":0,"2":4},"b":{"0":[0,0],"1":[0,0],"2":[2,0],"3":[2,2]},"_coverageSchema":"1a1c01bbd47fc00a2c39e90264f33305004495a9","hash":"11e7845c5e01e2ab03b15a8e09728a2d90076a76"}
,"C:\\Users\\I564011\\OneDrive - SAP SE\\Personal\\namaste-react-master\\namaste-react-master\\src\\components\\OfflineSection.js": {"path":"C:\\Users\\I564011\\OneDrive - SAP SE\\Personal\\namaste-react-master\\namaste-react-master\\src\\components\\OfflineSection.js","statementMap":{"0":{"start":{"line":1,"column":23},"end":{"line":9,"column":1}},"1":{"start":{"line":2,"column":2},"end":{"line":8,"column":4}}},"fnMap":{"0":{"name":"(anonymous_0)","decl":{"start":{"line":1,"column":23},"end":{"line":1,"column":24}},"loc":{"start":{"line":1,"column":29},"end":{"line":9,"column":1}},"line":1}},"branchMap":{},"s":{"0":1,"1":0},"f":{"0":0},"b":{},"_coverageSchema":"1a1c01bbd47fc00a2c39e90264f33305004495a9","hash":"ca41a16138fdfc2980d07b0be3ffc99b2e7e8614"}
,"C:\\Users\\I564011\\OneDrive - SAP SE\\Personal\\namaste-react-master\\namaste-react-master\\src\\components\\OnlineSection.js": {"path":"C:\\Users\\I564011\\OneDrive - SAP SE\\Personal\\namaste-react-master\\namaste-react-master\\src\\components\\OnlineSection.js","statementMap":{"0":{"start":{"line":3,"column":22},"end":{"line":26,"column":1}},"1":{"start":{"line":4,"column":36},"end":{"line":4,"column":50}},"2":{"start":{"line":6,"column":2},"end":{"line":14,"column":9}},"3":{"start":{"line":7,"column":18},"end":{"line":9,"column":12}},"4":{"start":{"line":8,"column":6},"end":{"line":8,"column":26}},"5":{"start":{"line":11,"column":4},"end":{"line":13,"column":6}},"6":{"start":{"line":12,"column":6},"end":{"line":12,"column":26}},"7":{"start":{"line":15,"column":2},"end":{"line":25,"column":4}}},"fnMap":{"0":{"name":"(anonymous_0)","decl":{"start":{"line":3,"column":22},"end":{"line":3,"column":23}},"loc":{"start":{"line":3,"column":28},"end":{"line":26,"column":1}},"line":3},"1":{"name":"(anonymous_1)","decl":{"start":{"line":6,"column":12},"end":{"line":6,"column":13}},"loc":{"start":{"line":6,"column":18},"end":{"line":14,"column":3}},"line":6},"2":{"name":"(anonymous_2)","decl":{"start":{"line":7,"column":29},"end":{"line":7,"column":30}},"loc":{"start":{"line":7,"column":35},"end":{"line":9,"column":5}},"line":7},"3":{"name":"(anonymous_3)","decl":{"start":{"line":11,"column":11},"end":{"line":11,"column":12}},"loc":{"start":{"line":11,"column":17},"end":{"line":13,"column":5}},"line":11}},"branchMap":{"0":{"loc":{"start":{"line":17,"column":7},"end":{"line":23,"column":7}},"type":"binary-expr","locations":[{"start":{"line":17,"column":7},"end":{"line":17,"column":16}},{"start":{"line":18,"column":8},"end":{"line":22,"column":14}}],"line":17}},"s":{"0":1,"1":2,"2":2,"3":2,"4":0,"5":2,"6":2,"7":2},"f":{"0":2,"1":2,"2":0,"3":2},"b":{"0":[2,2]},"_coverageSchema":"1a1c01bbd47fc00a2c39e90264f33305004495a9","hash":"ba0e4d787f0de050951a44435e103e01d9fbb0ee"}
,"C:\\Users\\I564011\\OneDrive - SAP SE\\Personal\\namaste-react-master\\namaste-react-master\\src\\components\\RestaurantCard.js": {"path":"C:\\Users\\I564011\\OneDrive - SAP SE\\Personal\\namaste-react-master\\namaste-react-master\\src\\components\\RestaurantCard.js","statementMap":{"0":{"start":{"line":6,"column":18},"end":{"line":8,"column":1}},"1":{"start":{"line":10,"column":23},"end":{"line":58,"column":1}},"2":{"start":{"line":11,"column":22},"end":{"line":11,"column":27}},"3":{"start":{"line":12,"column":19},"end":{"line":12,"column":42}},"4":{"start":{"line":22,"column":6},"end":{"line":22,"column":19}},"5":{"start":{"line":24,"column":20},"end":{"line":26,"column":3}},"6":{"start":{"line":28,"column":2},"end":{"line":57,"column":4}}},"fnMap":{"0":{"name":"(anonymous_0)","decl":{"start":{"line":10,"column":23},"end":{"line":10,"column":24}},"loc":{"start":{"line":10,"column":34},"end":{"line":58,"column":1}},"line":10}},"branchMap":{},"s":{"0":1,"1":1,"2":0,"3":0,"4":0,"5":0,"6":0},"f":{"0":0},"b":{},"_coverageSchema":"1a1c01bbd47fc00a2c39e90264f33305004495a9","hash":"ae449f82527e249659e9d704dd5764c0125b52fb"}
,"C:\\Users\\I564011\\OneDrive - SAP SE\\Personal\\namaste-react-master\\namaste-react-master\\src\\components\\sum.js": {"path":"C:\\Users\\I564011\\OneDrive - SAP SE\\Personal\\namaste-react-master\\namaste-react-master\\src\\components\\sum.js","statementMap":{"0":{"start":{"line":1,"column":12},"end":{"line":1,"column":27}},"1":{"start":{"line":1,"column":22},"end":{"line":1,"column":27}}},"fnMap":{"0":{"name":"(anonymous_0)","decl":{"start":{"line":1,"column":12},"end":{"line":1,"column":13}},"loc":{"start":{"line":1,"column":22},"end":{"line":1,"column":27}},"line":1}},"branchMap":{},"s":{"0":1,"1":1},"f":{"0":1},"b":{},"_coverageSchema":"1a1c01bbd47fc00a2c39e90264f33305004495a9","hash":"6c730079cd98be26e83990f44d44664927ddbe35"}
,"C:\\Users\\I564011\\OneDrive - SAP SE\\Personal\\namaste-react-master\\namaste-react-master\\src\\components\\mocks\\data.js": {"path":"C:\\Users\\I564011\\OneDrive - SAP SE\\Personal\\namaste-react-master\\namaste-react-master\\src\\components\\mocks\\data.js","statementMap":{"0":{"start":{"line":1,"column":31},"end":{"line":6802,"column":1}},"1":{"start":{"line":6804,"column":25},"end":{"line":13740,"column":1}}},"fnMap":{},"branchMap":{},"s":{"0":1,"1":1},"f":{},"b":{},"_coverageSchema":"1a1c01bbd47fc00a2c39e90264f33305004495a9","hash":"f65a279a3d6e1250f36b30912991144731c8318a"}
,"C:\\Users\\I564011\\OneDrive - SAP SE\\Personal\\namaste-react-master\\namaste-react-master\\src\\components\\shimmerUI\\RestaurantsPageShimmer.js": {"path":"C:\\Users\\I564011\\OneDrive - SAP SE\\Personal\\namaste-react-master\\namaste-react-master\\src\\components\\shimmerUI\\RestaurantsPageShimmer.js","statementMap":{"0":{"start":{"line":1,"column":31},"end":{"line":11,"column":1}},"1":{"start":{"line":2,"column":23},"end":{"line":2,"column":70}},"2":{"start":{"line":2,"column":64},"end":{"line":2,"column":69}},"3":{"start":{"line":4,"column":2},"end":{"line":10,"column":4}},"4":{"start":{"line":7,"column":8},"end":{"line":7,"column":78}}},"fnMap":{"0":{"name":"(anonymous_0)","decl":{"start":{"line":1,"column":31},"end":{"line":1,"column":32}},"loc":{"start":{"line":1,"column":37},"end":{"line":11,"column":1}},"line":1},"1":{"name":"(anonymous_1)","decl":{"start":{"line":2,"column":50},"end":{"line":2,"column":51}},"loc":{"start":{"line":2,"column":64},"end":{"line":2,"column":69}},"line":2},"2":{"name":"(anonymous_2)","decl":{"start":{"line":6,"column":24},"end":{"line":6,"column":25}},"loc":{"start":{"line":7,"column":8},"end":{"line":7,"column":78}},"line":7}},"branchMap":{},"s":{"0":1,"1":2,"2":32,"3":2,"4":32},"f":{"0":2,"1":32,"2":32},"b":{},"_coverageSchema":"1a1c01bbd47fc00a2c39e90264f33305004495a9","hash":"d244b73e485a3d798a7c51f613702e6b654a8a4e"}
,"C:\\Users\\I564011\\OneDrive - SAP SE\\Personal\\namaste-react-master\\namaste-react-master\\src\\utils\\CardContext.js": {"path":"C:\\Users\\I564011\\OneDrive - SAP SE\\Personal\\namaste-react-master\\namaste-react-master\\src\\utils\\CardContext.js","statementMap":{"0":{"start":{"line":3,"column":20},"end":{"line":8,"column":2}}},"fnMap":{},"branchMap":{},"s":{"0":1},"f":{},"b":{},"_coverageSchema":"1a1c01bbd47fc00a2c39e90264f33305004495a9","hash":"9fdb2441c671a1eea51cff671ad710db6dc46531"}
,"C:\\Users\\I564011\\OneDrive - SAP SE\\Personal\\namaste-react-master\\namaste-react-master\\src\\utils\\cartSlice.js": {"path":"C:\\Users\\I564011\\OneDrive - SAP SE\\Personal\\namaste-react-master\\namaste-react-master\\src\\utils\\cartSlice.js","statementMap":{"0":{"start":{"line":3,"column":18},"end":{"line":19,"column":2}},"1":{"start":{"line":10,"column":6},"end":{"line":10,"column":39}},"2":{"start":{"line":13,"column":6},"end":{"line":13,"column":24}},"3":{"start":{"line":16,"column":6},"end":{"line":16,"column":23}},"4":{"start":{"line":21,"column":50},"end":{"line":21,"column":67}}},"fnMap":{"0":{"name":"(anonymous_0)","decl":{"start":{"line":9,"column":13},"end":{"line":9,"column":14}},"loc":{"start":{"line":9,"column":32},"end":{"line":11,"column":5}},"line":9},"1":{"name":"(anonymous_1)","decl":{"start":{"line":12,"column":16},"end":{"line":12,"column":17}},"loc":{"start":{"line":12,"column":27},"end":{"line":14,"column":5}},"line":12},"2":{"name":"(anonymous_2)","decl":{"start":{"line":15,"column":15},"end":{"line":15,"column":16}},"loc":{"start":{"line":15,"column":26},"end":{"line":17,"column":5}},"line":15}},"branchMap":{},"s":{"0":2,"1":0,"2":0,"3":0,"4":2},"f":{"0":0,"1":0,"2":0},"b":{},"_coverageSchema":"1a1c01bbd47fc00a2c39e90264f33305004495a9","hash":"d85ec223b8a44422f6ea5c0a2be48040eaf411c4"}
,"C:\\Users\\I564011\\OneDrive - SAP SE\\Personal\\namaste-react-master\\namaste-react-master\\src\\utils\\constants.js": {"path":"C:\\Users\\I564011\\OneDrive - SAP SE\\Personal\\namaste-react-master\\namaste-react-master\\src\\utils\\constants.js","statementMap":{"0":{"start":{"line":2,"column":2},"end":{"line":2,"column":81}},"1":{"start":{"line":5,"column":2},"end":{"line":5,"column":74}},"2":{"start":{"line":8,"column":2},"end":{"line":8,"column":125}},"3":{"start":{"line":11,"column":2},"end":{"line":11,"column":111}},"4":{"start":{"line":14,"column":2},"end":{"line":14,"column":81}}},"fnMap":{},"branchMap":{},"s":{"0":2,"1":2,"2":2,"3":2,"4":2},"f":{},"b":{},"_coverageSchema":"1a1c01bbd47fc00a2c39e90264f33305004495a9","hash":"db3d07574e10e75f83dcc340a8b21e77f1f54867"}
,"C:\\Users\\I564011\\OneDrive - SAP SE\\Personal\\namaste-react-master\\namaste-react-master\\src\\utils\\store.js": {"path":"C:\\Users\\I564011\\OneDrive - SAP SE\\Personal\\namaste-react-master\\namaste-react-master\\src\\utils\\store.js","statementMap":{"0":{"start":{"line":1,"column":27},"end":{"line":1,"column":54}},"1":{"start":{"line":4,"column":14},"end":{"line":8,"column":2}}},"fnMap":{},"branchMap":{},"s":{"0":2,"1":2},"f":{},"b":{},"_coverageSchema":"1a1c01bbd47fc00a2c39e90264f33305004495a9","hash":"a357df47cbc6257aba1b77e3dd612c537e21fb84"}
,"C:\\Users\\I564011\\OneDrive - SAP SE\\Personal\\namaste-react-master\\namaste-react-master\\src\\utils\\useAllRestaurants.js": {"path":"C:\\Users\\I564011\\OneDrive - SAP SE\\Personal\\namaste-react-master\\namaste-react-master\\src\\utils\\useAllRestaurants.js","statementMap":{"0":{"start":{"line":4,"column":26},"end":{"line":29,"column":1}},"1":{"start":{"line":5,"column":52},"end":{"line":5,"column":64}},"2":{"start":{"line":6,"column":56},"end":{"line":6,"column":68}},"3":{"start":{"line":8,"column":2},"end":{"line":10,"column":9}},"4":{"start":{"line":9,"column":4},"end":{"line":9,"column":24}},"5":{"start":{"line":13,"column":28},"end":{"line":26,"column":3}},"6":{"start":{"line":14,"column":17},"end":{"line":14,"column":49}},"7":{"start":{"line":16,"column":31},"end":{"line":16,"column":48}},"8":{"start":{"line":18,"column":4},"end":{"line":18,"column":57}},"9":{"start":{"line":21,"column":6},"end":{"line":22,"column":36}},"10":{"start":{"line":24,"column":4},"end":{"line":24,"column":41}},"11":{"start":{"line":25,"column":4},"end":{"line":25,"column":43}},"12":{"start":{"line":28,"column":2},"end":{"line":28,"column":74}}},"fnMap":{"0":{"name":"(anonymous_0)","decl":{"start":{"line":4,"column":26},"end":{"line":4,"column":27}},"loc":{"start":{"line":4,"column":32},"end":{"line":29,"column":1}},"line":4},"1":{"name":"(anonymous_1)","decl":{"start":{"line":8,"column":12},"end":{"line":8,"column":13}},"loc":{"start":{"line":8,"column":18},"end":{"line":10,"column":3}},"line":8},"2":{"name":"(anonymous_2)","decl":{"start":{"line":13,"column":28},"end":{"line":13,"column":29}},"loc":{"start":{"line":13,"column":40},"end":{"line":26,"column":3}},"line":13}},"branchMap":{},"s":{"0":1,"1":6,"2":6,"3":6,"4":2,"5":6,"6":2,"7":2,"8":2,"9":2,"10":2,"11":2,"12":6},"f":{"0":6,"1":2,"2":2},"b":{},"_coverageSchema":"1a1c01bbd47fc00a2c39e90264f33305004495a9","hash":"3cba7d0016b10b477a231daa606012f0e0da8786"}
,"C:\\Users\\I564011\\OneDrive - SAP SE\\Personal\\namaste-react-master\\namaste-react-master\\src\\utils\\useOnline.js": {"path":"C:\\Users\\I564011\\OneDrive - SAP SE\\Personal\\namaste-react-master\\namaste-react-master\\src\\utils\\useOnline.js","statementMap":{"0":{"start":{"line":3,"column":18},"end":{"line":28,"column":1}},"1":{"start":{"line":4,"column":34},"end":{"line":4,"column":48}},"2":{"start":{"line":6,"column":2},"end":{"line":25,"column":9}},"3":{"start":{"line":8,"column":25},"end":{"line":10,"column":5}},"4":{"start":{"line":9,"column":6},"end":{"line":9,"column":24}},"5":{"start":{"line":12,"column":26},"end":{"line":14,"column":5}},"6":{"start":{"line":13,"column":6},"end":{"line":13,"column":25}},"7":{"start":{"line":17,"column":4},"end":{"line":17,"column":52}},"8":{"start":{"line":18,"column":4},"end":{"line":18,"column":54}},"9":{"start":{"line":20,"column":4},"end":{"line":24,"column":6}},"10":{"start":{"line":22,"column":6},"end":{"line":22,"column":57}},"11":{"start":{"line":23,"column":6},"end":{"line":23,"column":58}},"12":{"start":{"line":27,"column":2},"end":{"line":27,"column":18}}},"fnMap":{"0":{"name":"(anonymous_0)","decl":{"start":{"line":3,"column":18},"end":{"line":3,"column":19}},"loc":{"start":{"line":3,"column":24},"end":{"line":28,"column":1}},"line":3},"1":{"name":"(anonymous_1)","decl":{"start":{"line":6,"column":12},"end":{"line":6,"column":13}},"loc":{"start":{"line":6,"column":18},"end":{"line":25,"column":3}},"line":6},"2":{"name":"(anonymous_2)","decl":{"start":{"line":8,"column":25},"end":{"line":8,"column":26}},"loc":{"start":{"line":8,"column":31},"end":{"line":10,"column":5}},"line":8},"3":{"name":"(anonymous_3)","decl":{"start":{"line":12,"column":26},"end":{"line":12,"column":27}},"loc":{"start":{"line":12,"column":32},"end":{"line":14,"column":5}},"line":12},"4":{"name":"(anonymous_4)","decl":{"start":{"line":20,"column":11},"end":{"line":20,"column":12}},"loc":{"start":{"line":20,"column":17},"end":{"line":24,"column":5}},"line":20}},"branchMap":{},"s":{"0":1,"1":2,"2":2,"3":2,"4":0,"5":2,"6":0,"7":2,"8":2,"9":2,"10":2,"11":2,"12":2},"f":{"0":2,"1":2,"2":0,"3":0,"4":2},"b":{},"_coverageSchema":"1a1c01bbd47fc00a2c39e90264f33305004495a9","hash":"c3c6e25cda600a5ccb3dc6d6934e46aa0552fae5"}
}
