TN:
SF:src\components\Body.js
FN:7,(anonymous_0)
FN:13,(anonymous_1)
FN:14,(anonymous_2)
FN:21,(anonymous_3)
FN:23,(anonymous_4)
FN:41,(anonymous_5)
FN:64,(anonymous_6)
FNF:7
FNH:1
FNDA:7,(anonymous_0)
FNDA:0,(anonymous_1)
FNDA:0,(anonymous_2)
FNDA:0,(anonymous_3)
FNDA:0,(anonymous_4)
FNDA:0,(anonymous_5)
FNDA:0,(anonymous_6)
DA:7,1
DA:8,7
DA:10,6
DA:13,6
DA:14,0
DA:15,0
DA:17,0
DA:21,6
DA:22,0
DA:23,0
DA:26,0
DA:30,6
DA:41,0
DA:65,0
LF:14
LH:6
BRDA:30,0,0,2
BRDA:30,0,1,0
BRDA:57,1,0,0
BRDA:57,1,1,0
BRF:4
BRH:1
end_of_record
TN:
SF:src\components\Header.js
FN:9,(anonymous_0)
FN:13,(anonymous_1)
FN:18,(anonymous_2)
FNF:3
FNH:2
FNDA:2,(anonymous_0)
FNDA:0,(anonymous_1)
FNDA:4,(anonymous_2)
DA:9,1
DA:10,2
DA:11,2
DA:13,2
DA:14,0
DA:15,0
DA:18,4
DA:20,2
LF:8
LH:6
BRDA:14,0,0,0
BRDA:14,0,1,0
BRDA:15,1,0,0
BRDA:15,1,1,0
BRDA:22,2,0,2
BRDA:22,2,1,0
BRDA:23,3,0,2
BRDA:23,3,1,2
BRF:8
BRH:3
end_of_record
TN:
SF:src\components\OfflineSection.js
FN:1,(anonymous_0)
FNF:1
FNH:0
FNDA:0,(anonymous_0)
DA:1,1
DA:2,0
LF:2
LH:1
BRF:0
BRH:0
end_of_record
TN:
SF:src\components\OnlineSection.js
FN:3,(anonymous_0)
FN:6,(anonymous_1)
FN:7,(anonymous_2)
FN:11,(anonymous_3)
FNF:4
FNH:3
FNDA:2,(anonymous_0)
FNDA:2,(anonymous_1)
FNDA:0,(anonymous_2)
FNDA:2,(anonymous_3)
DA:3,1
DA:4,2
DA:6,2
DA:7,2
DA:8,0
DA:11,2
DA:12,2
DA:15,2
LF:8
LH:7
BRDA:17,0,0,2
BRDA:17,0,1,2
BRF:2
BRH:2
end_of_record
TN:
SF:src\components\RestaurantCard.js
FN:10,(anonymous_0)
FNF:1
FNH:0
FNDA:0,(anonymous_0)
DA:6,1
DA:10,1
DA:11,0
DA:12,0
DA:22,0
DA:24,0
DA:28,0
LF:7
LH:2
BRF:0
BRH:0
end_of_record
TN:
SF:src\components\sum.js
FN:1,(anonymous_0)
FNF:1
FNH:1
FNDA:1,(anonymous_0)
DA:1,1
LF:1
LH:1
BRF:0
BRH:0
end_of_record
TN:
SF:src\components\mocks\data.js
FNF:0
FNH:0
DA:1,1
DA:6804,1
LF:2
LH:2
BRF:0
BRH:0
end_of_record
TN:
SF:src\components\shimmerUI\RestaurantsPageShimmer.js
FN:1,(anonymous_0)
FN:2,(anonymous_1)
FN:6,(anonymous_2)
FNF:3
FNH:3
FNDA:2,(anonymous_0)
FNDA:32,(anonymous_1)
FNDA:32,(anonymous_2)
DA:1,1
DA:2,32
DA:4,2
DA:7,32
LF:4
LH:4
BRF:0
BRH:0
end_of_record
TN:
SF:src\utils\CardContext.js
FNF:0
FNH:0
DA:3,1
LF:1
LH:1
BRF:0
BRH:0
end_of_record
TN:
SF:src\utils\cartSlice.js
FN:9,(anonymous_0)
FN:12,(anonymous_1)
FN:15,(anonymous_2)
FNF:3
FNH:0
FNDA:0,(anonymous_0)
FNDA:0,(anonymous_1)
FNDA:0,(anonymous_2)
DA:3,2
DA:10,0
DA:13,0
DA:16,0
DA:21,2
LF:5
LH:2
BRF:0
BRH:0
end_of_record
TN:
SF:src\utils\constants.js
FNF:0
FNH:0
DA:2,2
DA:5,2
DA:8,2
DA:11,2
DA:14,2
LF:5
LH:5
BRF:0
BRH:0
end_of_record
TN:
SF:src\utils\store.js
FNF:0
FNH:0
DA:1,2
DA:4,2
LF:2
LH:2
BRF:0
BRH:0
end_of_record
TN:
SF:src\utils\useAllRestaurants.js
FN:4,(anonymous_0)
FN:8,(anonymous_1)
FN:13,(anonymous_2)
FNF:3
FNH:3
FNDA:6,(anonymous_0)
FNDA:2,(anonymous_1)
FNDA:2,(anonymous_2)
DA:4,1
DA:5,6
DA:6,6
DA:8,6
DA:9,2
DA:13,6
DA:14,2
DA:16,2
DA:18,2
DA:21,2
DA:24,2
DA:25,2
DA:28,6
LF:13
LH:13
BRF:0
BRH:0
end_of_record
TN:
SF:src\utils\useOnline.js
FN:3,(anonymous_0)
FN:6,(anonymous_1)
FN:8,(anonymous_2)
FN:12,(anonymous_3)
FN:20,(anonymous_4)
FNF:5
FNH:3
FNDA:2,(anonymous_0)
FNDA:2,(anonymous_1)
FNDA:0,(anonymous_2)
FNDA:0,(anonymous_3)
FNDA:2,(anonymous_4)
DA:3,1
DA:4,2
DA:6,2
DA:8,2
DA:9,0
DA:12,2
DA:13,0
DA:17,2
DA:18,2
DA:20,2
DA:22,2
DA:23,2
DA:27,2
LF:13
LH:11
BRF:0
BRH:0
end_of_record
