TN:
SF:src\components\Body.js
FN:7,(anonymous_0)
FN:13,(anonymous_1)
FN:14,(anonymous_2)
FN:21,(anonymous_3)
FN:23,(anonymous_4)
FN:41,(anonymous_5)
FN:64,(anonymous_6)
FNF:7
FNH:1
FNDA:8,(anonymous_0)
FNDA:0,(anonymous_1)
FNDA:0,(anonymous_2)
FNDA:0,(anonymous_3)
FNDA:0,(anonymous_4)
FNDA:0,(anonymous_5)
FNDA:0,(anonymous_6)
DA:7,1
DA:8,8
DA:10,7
DA:13,7
DA:14,0
DA:15,0
DA:17,0
DA:21,7
DA:22,0
DA:23,0
DA:26,0
DA:30,7
DA:41,0
DA:65,0
LF:14
LH:6
BRDA:30,0,0,3
BRDA:30,0,1,0
BRDA:57,1,0,0
BRDA:57,1,1,0
BRF:4
BRH:1
end_of_record
TN:
SF:src\components\Header.js
FN:9,(anonymous_0)
FN:13,(anonymous_1)
FN:18,(anonymous_2)
FNF:3
FNH:2
FNDA:3,(anonymous_0)
FNDA:0,(anonymous_1)
FNDA:6,(anonymous_2)
DA:9,2
DA:10,3
DA:11,3
DA:13,3
DA:14,0
DA:15,0
DA:18,6
DA:20,3
LF:8
LH:6
BRDA:14,0,0,0
BRDA:14,0,1,0
BRDA:15,1,0,0
BRDA:15,1,1,0
BRDA:22,2,0,3
BRDA:22,2,1,0
BRDA:23,3,0,3
BRDA:23,3,1,3
BRF:8
BRH:3
end_of_record
TN:
SF:src\components\OfflineSection.js
FN:1,(anonymous_0)
FNF:1
FNH:0
FNDA:0,(anonymous_0)
DA:1,2
DA:2,0
LF:2
LH:1
BRF:0
BRH:0
end_of_record
TN:
SF:src\components\OnlineSection.js
FN:3,(anonymous_0)
FN:6,(anonymous_1)
FN:7,(anonymous_2)
FN:11,(anonymous_3)
FNF:4
FNH:3
FNDA:3,(anonymous_0)
FNDA:3,(anonymous_1)
FNDA:0,(anonymous_2)
FNDA:3,(anonymous_3)
DA:3,2
DA:4,3
DA:6,3
DA:7,3
DA:8,0
DA:11,3
DA:12,3
DA:15,3
LF:8
LH:7
BRDA:17,0,0,3
BRDA:17,0,1,3
BRF:2
BRH:2
end_of_record
TN:
SF:src\components\RestaurantCard.js
FN:10,(anonymous_0)
FNF:1
FNH:0
FNDA:0,(anonymous_0)
DA:6,1
DA:10,1
DA:11,0
DA:12,0
DA:22,0
DA:24,0
DA:28,0
LF:7
LH:2
BRF:0
BRH:0
end_of_record
TN:
SF:src\components\RestaurantMenu.js
FN:8,(anonymous_0)
FN:31,(anonymous_1)
FN:57,(anonymous_2)
FN:80,(anonymous_3)
FNF:4
FNH:2
FNDA:3,(anonymous_0)
FNDA:0,(anonymous_1)
FNDA:6,(anonymous_2)
FNDA:0,(anonymous_3)
DA:8,1
DA:9,3
DA:12,2
DA:14,2
DA:23,1
DA:26,1
DA:29,1
DA:31,1
DA:32,0
DA:35,1
DA:58,6
DA:80,0
LF:12
LH:10
BRDA:14,0,0,1
BRDA:14,0,1,1
BRF:2
BRH:2
end_of_record
TN:
SF:src\components\sum.js
FN:1,(anonymous_0)
FNF:1
FNH:1
FNDA:1,(anonymous_0)
DA:1,1
LF:1
LH:1
BRF:0
BRH:0
end_of_record
TN:
SF:src\components\mocks\data.js
FNF:0
FNH:0
DA:1,2
DA:6804,2
LF:2
LH:2
BRF:0
BRH:0
end_of_record
TN:
SF:src\components\shimmerUI\RestaurantMenuShimmer.js
FN:1,(anonymous_0)
FN:2,(anonymous_1)
FN:7,(anonymous_2)
FNF:3
FNH:3
FNDA:1,(anonymous_0)
FNDA:8,(anonymous_1)
FNDA:8,(anonymous_2)
DA:1,1
DA:2,8
DA:3,1
DA:8,8
LF:4
LH:4
BRF:0
BRH:0
end_of_record
TN:
SF:src\components\shimmerUI\RestaurantsPageShimmer.js
FN:1,(anonymous_0)
FN:2,(anonymous_1)
FN:6,(anonymous_2)
FNF:3
FNH:3
FNDA:3,(anonymous_0)
FNDA:48,(anonymous_1)
FNDA:48,(anonymous_2)
DA:1,1
DA:2,48
DA:4,3
DA:7,48
LF:4
LH:4
BRF:0
BRH:0
end_of_record
TN:
SF:src\utils\CardContext.js
FNF:0
FNH:0
DA:3,1
LF:1
LH:1
BRF:0
BRH:0
end_of_record
TN:
SF:src\utils\cartSlice.js
FN:9,(anonymous_0)
FN:12,(anonymous_1)
FN:15,(anonymous_2)
FNF:3
FNH:0
FNDA:0,(anonymous_0)
FNDA:0,(anonymous_1)
FNDA:0,(anonymous_2)
DA:3,3
DA:10,0
DA:13,0
DA:16,0
DA:21,3
LF:5
LH:2
BRF:0
BRH:0
end_of_record
TN:
SF:src\utils\constants.js
FNF:0
FNH:0
DA:2,3
DA:5,3
DA:8,3
DA:11,3
DA:14,3
LF:5
LH:5
BRF:0
BRH:0
end_of_record
TN:
SF:src\utils\store.js
FNF:0
FNH:0
DA:1,3
DA:4,3
LF:2
LH:2
BRF:0
BRH:0
end_of_record
TN:
SF:src\utils\useAllRestaurants.js
FN:4,(anonymous_0)
FN:8,(anonymous_1)
FN:13,(anonymous_2)
FNF:3
FNH:3
FNDA:7,(anonymous_0)
FNDA:3,(anonymous_1)
FNDA:3,(anonymous_2)
DA:4,1
DA:5,7
DA:6,7
DA:8,7
DA:9,3
DA:13,7
DA:14,3
DA:16,3
DA:18,3
DA:21,3
DA:24,3
DA:25,3
DA:28,7
LF:13
LH:13
BRF:0
BRH:0
end_of_record
TN:
SF:src\utils\useOnline.js
FN:3,(anonymous_0)
FN:6,(anonymous_1)
FN:8,(anonymous_2)
FN:12,(anonymous_3)
FN:20,(anonymous_4)
FNF:5
FNH:3
FNDA:3,(anonymous_0)
FNDA:3,(anonymous_1)
FNDA:0,(anonymous_2)
FNDA:0,(anonymous_3)
FNDA:3,(anonymous_4)
DA:3,2
DA:4,3
DA:6,3
DA:8,3
DA:9,0
DA:12,3
DA:13,0
DA:17,3
DA:18,3
DA:20,3
DA:22,3
DA:23,3
DA:27,3
LF:13
LH:11
BRF:0
BRH:0
end_of_record
TN:
SF:src\utils\useRestaurantMenu.js
FN:4,(anonymous_0)
FN:7,(anonymous_1)
FN:11,(anonymous_2)
FNF:3
FNH:3
FNDA:2,(anonymous_0)
FNDA:1,(anonymous_1)
FNDA:1,(anonymous_2)
DA:4,1
DA:5,2
DA:7,2
DA:8,1
DA:11,2
DA:13,1
DA:15,1
DA:16,1
DA:19,2
LF:9
LH:9
BRF:0
BRH:0
end_of_record
